<?xml version="1.0" encoding="UTF-8"?>
<!-- Generated by org.testng.reporters.JUnitXMLReporter -->
<testsuite ignored="2" hostname="DESKTOP-3QCR2VC" failures="0" tests="1" name="Default test" time="45.731" errors="0" timestamp="2020-09-26T11:12:41 IST">
  <testcase classname="activities.webapp" name="PopUpLoginSimpleForm" time="31.88"/>
  <testcase classname="activities.webapp" name="loginpage" time="0.0">
    <ignored/>
  </testcase> <!-- loginpage -->
  <testcase classname="activities.webapp" name="todolist" time="0.0">
    <ignored/>
  </testcase> <!-- todolist -->
</testsuite> <!-- Default test -->
