<?xml version="1.0" encoding="UTF-8"?>
<!-- Generated by org.testng.reporters.JUnitXMLReporter -->
<testsuite ignored="1" hostname="DESKTOP-3QCR2VC" failures="0" tests="5" name="Test" time="172.565" errors="0" timestamp="2020-09-26T11:39:45 IST">
  <testcase classname="activities.googlekeep" name="addnoteswithremainder" time="18.018"/>
  <testcase classname="activities.googletask" name="taskadd" time="15.013"/>
  <testcase classname="activities.webapp" name="PopUpLoginSimpleForm" time="29.593"/>
  <testcase classname="activities.webapp" name="loginpage" time="22.307"/>
  <testcase classname="activities.webapp" name="todolist" time="26.356"/>
  <testcase classname="activities.googlekeep" name="addnotes" time="0.0">
    <ignored/>
  </testcase> <!-- addnotes -->
</testsuite> <!-- Test -->
